{"/Users/jimmy/Repositories/himiko/src/himiko/use-himiko-state.ts": {"path":"/Users/jimmy/Repositories/himiko/src/himiko/use-himiko-state.ts","statementMap":{"0":{"start":{"line":1,"column":0},"end":{"line":1,"column":25}},"1":{"start":{"line":1,"column":25},"end":{"line":1,"column":null}},"2":{"start":{"line":10,"column":19},"end":{"line":13,"column":null}},"3":{"start":{"line":13,"column":2},"end":{"line":13,"column":null}},"4":{"start":{"line":16,"column":30},"end":{"line":36,"column":null}},"5":{"start":{"line":19,"column":36},"end":{"line":19,"column":null}},"6":{"start":{"line":19,"column":54},"end":{"line":19,"column":null}},"7":{"start":{"line":21,"column":44},"end":{"line":31,"column":null}},"8":{"start":{"line":22,"column":4},"end":{"line":31,"column":null}},"9":{"start":{"line":23,"column":6},"end":{"line":26,"column":null}},"10":{"start":{"line":24,"column":8},"end":{"line":26,"column":null}},"11":{"start":{"line":29,"column":6},"end":{"line":31,"column":null}},"12":{"start":{"line":36,"column":2},"end":{"line":36,"column":null}}},"fnMap":{"0":{"name":"(anonymous_6)","decl":{"start":{"line":1,"column":0},"end":{"line":1,"column":25}},"loc":{"start":{"line":1,"column":0},"end":{"line":1,"column":25}}},"1":{"name":"(anonymous_7)","decl":{"start":{"line":10,"column":19},"end":{"line":10,"column":null}},"loc":{"start":{"line":12,"column":51},"end":{"line":13,"column":null}}},"2":{"name":"(anonymous_8)","decl":{"start":{"line":16,"column":30},"end":{"line":16,"column":null}},"loc":{"start":{"line":18,"column":21},"end":{"line":36,"column":null}}},"3":{"name":"(anonymous_9)","decl":{"start":{"line":19,"column":48},"end":{"line":19,"column":54}},"loc":{"start":{"line":19,"column":54},"end":{"line":19,"column":null}}},"4":{"name":"(anonymous_10)","decl":{"start":{"line":21,"column":44},"end":{"line":21,"column":45}},"loc":{"start":{"line":21,"column":55},"end":{"line":31,"column":null}}},"5":{"name":"(anonymous_11)","decl":{"start":{"line":22,"column":17},"end":{"line":22,"column":18}},"loc":{"start":{"line":22,"column":32},"end":{"line":31,"column":null}}}},"branchMap":{"0":{"loc":{"start":{"line":23,"column":6},"end":{"line":26,"column":null}},"type":"if","locations":[{"start":{"line":23,"column":6},"end":{"line":26,"column":null}}]}},"s":{"0":6,"1":1,"2":1,"3":2,"4":1,"5":5,"6":3,"7":5,"8":2,"9":2,"10":1,"11":1,"12":5},"f":{"0":5,"1":2,"2":5,"3":3,"4":2,"5":2},"b":{"0":[1]}}
}
